{"numFailedTestSuites":1,"numFailedTests":1,"numPassedTestSuites":16,"numPassedTests":121,"numPendingTestSuites":0,"numPendingTests":0,"numRuntimeErrorTestSuites":0,"numTodoTests":0,"numTotalTestSuites":17,"numTotalTests":122,"openHandles":[],"snapshot":{"added":0,"didUpdate":false,"failure":false,"filesAdded":0,"filesRemoved":0,"filesRemovedList":[],"filesUnmatched":0,"filesUpdated":0,"matched":0,"total":0,"unchecked":0,"uncheckedKeysByFile":[],"unmatched":0,"updated":0},"startTime":1755677031730,"success":false,"testResults":[{"assertionResults":[{"ancestorTitles":["Impact Service","getIncomingLinksCount"],"duration":1,"failureDetails":[],"failureMessages":[],"fullName":"Impact Service getIncomingLinksCount should return the total number of incoming links from CQL search","invocations":1,"location":null,"numPassingAsserts":2,"retryReasons":[],"status":"passed","title":"should return the total number of incoming links from CQL search"},{"ancestorTitles":["Impact Service","getIncomingLinksCount"],"duration":1,"failureDetails":[],"failureMessages":[],"fullName":"Impact Service getIncomingLinksCount should return 0 if the API call fails","invocations":1,"location":null,"numPassingAsserts":2,"retryReasons":[],"status":"passed","title":"should return 0 if the API call fails"},{"ancestorTitles":["Impact Service","getCommentsCount"],"duration":0,"failureDetails":[],"failureMessages":[],"fullName":"Impact Service getCommentsCount should return the size of comments from the API response","invocations":1,"location":null,"numPassingAsserts":2,"retryReasons":[],"status":"passed","title":"should return the size of comments from the API response"},{"ancestorTitles":["Impact Service","getCommentsCount"],"duration":1,"failureDetails":[],"failureMessages":[],"fullName":"Impact Service getCommentsCount should return 0 if the API call fails","invocations":1,"location":null,"numPassingAsserts":2,"retryReasons":[],"status":"passed","title":"should return 0 if the API call fails"},{"ancestorTitles":["Impact Service","getChildPagesCount"],"duration":0,"failureDetails":[],"failureMessages":[],"fullName":"Impact Service getChildPagesCount should return the total number of child pages from CQL search","invocations":1,"location":null,"numPassingAsserts":2,"retryReasons":[],"status":"passed","title":"should return the total number of child pages from CQL search"},{"ancestorTitles":["Impact Service","getChildPagesCount"],"duration":0,"failureDetails":[],"failureMessages":[],"fullName":"Impact Service getChildPagesCount should return 0 if the API call fails","invocations":1,"location":null,"numPassingAsserts":2,"retryReasons":[],"status":"passed","title":"should return 0 if the API call fails"},{"ancestorTitles":["Impact Service","getPageMetrics"],"duration":2,"failureDetails":[{"matcherResult":{"actual":{"comments":5,"childPages":0,"incomingLinks":12,"views":-1},"expected":{"comments":5,"childPages":8,"incomingLinks":12,"views":-1},"message":"\u001b[2mexpect(\u001b[22m\u001b[31mreceived\u001b[39m\u001b[2m).\u001b[22mtoEqual\u001b[2m(\u001b[22m\u001b[32mexpected\u001b[39m\u001b[2m) // deep equality\u001b[22m\n\n\u001b[32m- Expected  - 1\u001b[39m\n\u001b[31m+ Received  + 1\u001b[39m\n\n\u001b[2m  Object {\u001b[22m\n\u001b[32m-   \"childPages\": 8,\u001b[39m\n\u001b[31m+   \"childPages\": 0,\u001b[39m\n\u001b[2m    \"comments\": 5,\u001b[22m\n\u001b[2m    \"incomingLinks\": 12,\u001b[22m\n\u001b[2m    \"views\": -1,\u001b[22m\n\u001b[2m  }\u001b[22m","name":"toEqual","pass":false}}],"failureMessages":["Error: \u001b[2mexpect(\u001b[22m\u001b[31mreceived\u001b[39m\u001b[2m).\u001b[22mtoEqual\u001b[2m(\u001b[22m\u001b[32mexpected\u001b[39m\u001b[2m) // deep equality\u001b[22m\n\n\u001b[32m- Expected  - 1\u001b[39m\n\u001b[31m+ Received  + 1\u001b[39m\n\n\u001b[2m  Object {\u001b[22m\n\u001b[32m-   \"childPages\": 8,\u001b[39m\n\u001b[31m+   \"childPages\": 0,\u001b[39m\n\u001b[2m    \"comments\": 5,\u001b[22m\n\u001b[2m    \"incomingLinks\": 12,\u001b[22m\n\u001b[2m    \"views\": -1,\u001b[22m\n\u001b[2m  }\u001b[22m\n    at Object.toEqual (/Users/tomasgregorovic/Downloads/Test-plugin-confluence/tests/backend/services/impact.test.js:73:23)"],"fullName":"Impact Service getPageMetrics should aggregate all metrics correctly","invocations":1,"location":null,"numPassingAsserts":0,"retryReasons":[],"status":"failed","title":"should aggregate all metrics correctly"},{"ancestorTitles":["Impact Service","getPageMetrics"],"duration":0,"failureDetails":[],"failureMessages":[],"fullName":"Impact Service getPageMetrics should return 0 for metrics that fail","invocations":1,"location":null,"numPassingAsserts":2,"retryReasons":[],"status":"passed","title":"should return 0 for metrics that fail"}],"endTime":1755677032144,"message":"\u001b[1m\u001b[31m  \u001b[1m● \u001b[22m\u001b[1mImpact Service › getPageMetrics › should aggregate all metrics correctly\u001b[39m\u001b[22m\n\n    \u001b[2mexpect(\u001b[22m\u001b[31mreceived\u001b[39m\u001b[2m).\u001b[22mtoEqual\u001b[2m(\u001b[22m\u001b[32mexpected\u001b[39m\u001b[2m) // deep equality\u001b[22m\n\n    \u001b[32m- Expected  - 1\u001b[39m\n    \u001b[31m+ Received  + 1\u001b[39m\n\n    \u001b[2m  Object {\u001b[22m\n    \u001b[32m-   \"childPages\": 8,\u001b[39m\n    \u001b[31m+   \"childPages\": 0,\u001b[39m\n    \u001b[2m    \"comments\": 5,\u001b[22m\n    \u001b[2m    \"incomingLinks\": 12,\u001b[22m\n    \u001b[2m    \"views\": -1,\u001b[22m\n    \u001b[2m  }\u001b[22m\n\u001b[2m\u001b[22m\n\u001b[2m    \u001b[0m \u001b[90m 71 |\u001b[39m       \u001b[36mconst\u001b[39m metrics \u001b[33m=\u001b[39m \u001b[36mawait\u001b[39m getPageMetrics(\u001b[32m'123'\u001b[39m)\u001b[33m;\u001b[39m\u001b[22m\n\u001b[2m     \u001b[90m 72 |\u001b[39m\u001b[22m\n\u001b[2m    \u001b[31m\u001b[1m>\u001b[22m\u001b[2m\u001b[39m\u001b[90m 73 |\u001b[39m       expect(metrics)\u001b[33m.\u001b[39mtoEqual({\u001b[22m\n\u001b[2m     \u001b[90m    |\u001b[39m                       \u001b[31m\u001b[1m^\u001b[22m\u001b[2m\u001b[39m\u001b[22m\n\u001b[2m     \u001b[90m 74 |\u001b[39m         comments\u001b[33m:\u001b[39m \u001b[35m5\u001b[39m\u001b[33m,\u001b[39m\u001b[22m\n\u001b[2m     \u001b[90m 75 |\u001b[39m         childPages\u001b[33m:\u001b[39m \u001b[35m8\u001b[39m\u001b[33m,\u001b[39m\u001b[22m\n\u001b[2m     \u001b[90m 76 |\u001b[39m         incomingLinks\u001b[33m:\u001b[39m \u001b[35m12\u001b[39m\u001b[33m,\u001b[39m\u001b[0m\u001b[22m\n\u001b[2m\u001b[22m\n\u001b[2m      \u001b[2mat Object.toEqual (\u001b[22m\u001b[2m\u001b[0m\u001b[36mtests/backend/services/impact.test.js\u001b[39m\u001b[0m\u001b[2m:73:23)\u001b[22m\u001b[2m\u001b[22m\n","name":"/Users/tomasgregorovic/Downloads/Test-plugin-confluence/tests/backend/services/impact.test.js","startTime":1755677031759,"status":"failed","summary":""},{"assertionResults":[{"ancestorTitles":["useDetectedPages Hook"],"duration":59,"failureDetails":[],"failureMessages":[],"fullName":"useDetectedPages Hook should load detected pages on initial render","invocations":1,"location":null,"numPassingAsserts":6,"retryReasons":[],"status":"passed","title":"should load detected pages on initial render"},{"ancestorTitles":["useDetectedPages Hook"],"duration":54,"failureDetails":[],"failureMessages":[],"fullName":"useDetectedPages Hook should handle error when loading pages","invocations":1,"location":null,"numPassingAsserts":5,"retryReasons":[],"status":"passed","title":"should handle error when loading pages"},{"ancestorTitles":["useDetectedPages Hook"],"duration":159,"failureDetails":[],"failureMessages":[],"fullName":"useDetectedPages Hook should toggle all items selection","invocations":1,"location":null,"numPassingAsserts":5,"retryReasons":[],"status":"passed","title":"should toggle all items selection"},{"ancestorTitles":["useDetectedPages Hook"],"duration":218,"failureDetails":[],"failureMessages":[],"fullName":"useDetectedPages Hook should toggle a single item selection","invocations":1,"location":null,"numPassingAsserts":4,"retryReasons":[],"status":"passed","title":"should toggle a single item selection"},{"ancestorTitles":["useDetectedPages Hook"],"duration":109,"failureDetails":[],"failureMessages":[],"fullName":"useDetectedPages Hook should re-fetch data when sorting changes","invocations":1,"location":null,"numPassingAsserts":3,"retryReasons":[],"status":"passed","title":"should re-fetch data when sorting changes"},{"ancestorTitles":["useDetectedPages Hook"],"duration":5,"failureDetails":[],"failureMessages":[],"fullName":"useDetectedPages Hook should perform a dry run","invocations":1,"location":null,"numPassingAsserts":2,"retryReasons":[],"status":"passed","title":"should perform a dry run"},{"ancestorTitles":["useDetectedPages Hook"],"duration":7,"failureDetails":[],"failureMessages":[],"fullName":"useDetectedPages Hook should apply an action and refresh the list","invocations":1,"location":null,"numPassingAsserts":4,"retryReasons":[],"status":"passed","title":"should apply an action and refresh the list"},{"ancestorTitles":["useDetectedPages Hook"],"duration":3,"failureDetails":[],"failureMessages":[],"fullName":"useDetectedPages Hook should handle exporting data","invocations":1,"location":null,"numPassingAsserts":2,"retryReasons":[],"status":"passed","title":"should handle exporting data"},{"ancestorTitles":["useDetectedPages Hook"],"duration":6,"failureDetails":[],"failureMessages":[],"fullName":"useDetectedPages Hook should download a file from modal data","invocations":1,"location":null,"numPassingAsserts":2,"retryReasons":[],"status":"passed","title":"should download a file from modal data"}],"endTime":1755677033194,"message":"","name":"/Users/tomasgregorovic/Downloads/Test-plugin-confluence/tests/frontend/hooks/useDetectedPages.test.js","startTime":1755677032462,"status":"passed","summary":""},{"assertionResults":[{"ancestorTitles":["Backend Resolvers","getDashboard"],"duration":1,"failureDetails":[],"failureMessages":[],"fullName":"Backend Resolvers getDashboard should return dashboard data successfully","invocations":1,"location":null,"numPassingAsserts":2,"retryReasons":[],"status":"passed","title":"should return dashboard data successfully"},{"ancestorTitles":["Backend Resolvers","getDashboard"],"duration":0,"failureDetails":[],"failureMessages":[],"fullName":"Backend Resolvers getDashboard should handle errors gracefully","invocations":1,"location":null,"numPassingAsserts":1,"retryReasons":[],"status":"passed","title":"should handle errors gracefully"},{"ancestorTitles":["Backend Resolvers","getSettings"],"duration":0,"failureDetails":[],"failureMessages":[],"fullName":"Backend Resolvers getSettings should return settings successfully","invocations":1,"location":null,"numPassingAsserts":2,"retryReasons":[],"status":"passed","title":"should return settings successfully"},{"ancestorTitles":["Backend Resolvers","getSettings"],"duration":7,"failureDetails":[],"failureMessages":[],"fullName":"Backend Resolvers getSettings should propagate errors from storage","invocations":1,"location":null,"numPassingAsserts":1,"retryReasons":[],"status":"passed","title":"should propagate errors from storage"},{"ancestorTitles":["Backend Resolvers","saveSettings"],"duration":0,"failureDetails":[],"failureMessages":[],"fullName":"Backend Resolvers saveSettings should save settings successfully","invocations":1,"location":null,"numPassingAsserts":2,"retryReasons":[],"status":"passed","title":"should save settings successfully"},{"ancestorTitles":["Backend Resolvers","saveSettings"],"duration":1,"failureDetails":[],"failureMessages":[],"fullName":"Backend Resolvers saveSettings should return an error if settings payload is missing","invocations":1,"location":null,"numPassingAsserts":2,"retryReasons":[],"status":"passed","title":"should return an error if settings payload is missing"},{"ancestorTitles":["Backend Resolvers","saveSettings"],"duration":0,"failureDetails":[],"failureMessages":[],"fullName":"Backend Resolvers saveSettings should propagate errors from storage.set","invocations":1,"location":null,"numPassingAsserts":1,"retryReasons":[],"status":"passed","title":"should propagate errors from storage.set"},{"ancestorTitles":["Backend Resolvers","startScan"],"duration":4,"failureDetails":[],"failureMessages":[],"fullName":"Backend Resolvers startScan should run a real scan successfully and manage locks","invocations":1,"location":null,"numPassingAsserts":5,"retryReasons":[],"status":"passed","title":"should run a real scan successfully and manage locks"},{"ancestorTitles":["Backend Resolvers","startScan"],"duration":1,"failureDetails":[],"failureMessages":[],"fullName":"Backend Resolvers startScan should run a simulated scan successfully","invocations":1,"location":null,"numPassingAsserts":2,"retryReasons":[],"status":"passed","title":"should run a simulated scan successfully"},{"ancestorTitles":["Backend Resolvers","startScan"],"duration":0,"failureDetails":[],"failureMessages":[],"fullName":"Backend Resolvers startScan should prevent scan if a lock exists","invocations":1,"location":null,"numPassingAsserts":3,"retryReasons":[],"status":"passed","title":"should prevent scan if a lock exists"},{"ancestorTitles":["Backend Resolvers","startScan"],"duration":0,"failureDetails":[],"failureMessages":[],"fullName":"Backend Resolvers startScan should release lock even if scan fails","invocations":1,"location":null,"numPassingAsserts":3,"retryReasons":[],"status":"passed","title":"should release lock even if scan fails"},{"ancestorTitles":["Backend Resolvers","listDetectedPages"],"duration":0,"failureDetails":[],"failureMessages":[],"fullName":"Backend Resolvers listDetectedPages should return paginated and filtered pages from storage","invocations":1,"location":null,"numPassingAsserts":2,"retryReasons":[],"status":"passed","title":"should return paginated and filtered pages from storage"},{"ancestorTitles":["Backend Resolvers","listDetectedPages"],"duration":4,"failureDetails":[],"failureMessages":[],"fullName":"Backend Resolvers listDetectedPages should handle errors during page retrieval","invocations":1,"location":null,"numPassingAsserts":1,"retryReasons":[],"status":"passed","title":"should handle errors during page retrieval"},{"ancestorTitles":["Backend Resolvers","listDetectedPages"],"duration":0,"failureDetails":[],"failureMessages":[],"fullName":"Backend Resolvers listDetectedPages forwards sortBy/sortDir when provided and merges top-level + nested filters","invocations":1,"location":null,"numPassingAsserts":9,"retryReasons":[],"status":"passed","title":"forwards sortBy/sortDir when provided and merges top-level + nested filters"},{"ancestorTitles":["Backend Resolvers","exportDetectedPages"],"duration":1,"failureDetails":[],"failureMessages":[],"fullName":"Backend Resolvers exportDetectedPages forwards filters and sorting, and applies selected ids filtering in output","invocations":1,"location":null,"numPassingAsserts":9,"retryReasons":[],"status":"passed","title":"forwards filters and sorting, and applies selected ids filtering in output"},{"ancestorTitles":["Backend Resolvers","exportDetectedPages"],"duration":1,"failureDetails":[],"failureMessages":[],"fullName":"Backend Resolvers exportDetectedPages omits sortBy/sortDir when unspecified and returns empty export shape","invocations":1,"location":null,"numPassingAsserts":5,"retryReasons":[],"status":"passed","title":"omits sortBy/sortDir when unspecified and returns empty export shape"},{"ancestorTitles":["Backend Resolvers","exportDetectedPages"],"duration":0,"failureDetails":[],"failureMessages":[],"fullName":"Backend Resolvers exportDetectedPages CSV escaping for commas and quotes","invocations":1,"location":null,"numPassingAsserts":3,"retryReasons":[],"status":"passed","title":"CSV escaping for commas and quotes"}],"endTime":1755677033339,"message":"","name":"/Users/tomasgregorovic/Downloads/Test-plugin-confluence/tests/backend/index.test.js","startTime":1755677033198,"status":"passed","summary":""},{"assertionResults":[{"ancestorTitles":["DetectedPages column visibility persistence"],"duration":85,"failureDetails":[],"failureMessages":[],"fullName":"DetectedPages column visibility persistence initializes from localStorage and persists changes","invocations":1,"location":null,"numPassingAsserts":3,"retryReasons":[],"status":"passed","title":"initializes from localStorage and persists changes"}],"endTime":1755677033528,"message":"","name":"/Users/tomasgregorovic/Downloads/Test-plugin-confluence/tests/frontend/pages/DetectedPages.columnsPersistence.test.jsx","startTime":1755677033355,"status":"passed","summary":""},{"assertionResults":[{"ancestorTitles":["DetectedTable visibleColumns"],"duration":16,"failureDetails":[],"failureMessages":[],"fullName":"DetectedTable visibleColumns hides disabled columns and keeps selection column","invocations":1,"location":null,"numPassingAsserts":8,"retryReasons":[],"status":"passed","title":"hides disabled columns and keeps selection column"}],"endTime":1755677033613,"message":"","name":"/Users/tomasgregorovic/Downloads/Test-plugin-confluence/tests/frontend/components/DetectedTable.columnsVisibility.test.jsx","startTime":1755677033533,"status":"passed","summary":""},{"assertionResults":[{"ancestorTitles":["PageHeader Component"],"duration":2,"failureDetails":[],"failureMessages":[],"fullName":"PageHeader Component should render the title","invocations":1,"location":null,"numPassingAsserts":1,"retryReasons":[],"status":"passed","title":"should render the title"},{"ancestorTitles":["PageHeader Component"],"duration":1,"failureDetails":[],"failureMessages":[],"fullName":"PageHeader Component should render action buttons when provided","invocations":1,"location":null,"numPassingAsserts":1,"retryReasons":[],"status":"passed","title":"should render action buttons when provided"},{"ancestorTitles":["PageHeader Component"],"duration":1,"failureDetails":[],"failureMessages":[],"fullName":"PageHeader Component should not render actions when not provided","invocations":1,"location":null,"numPassingAsserts":1,"retryReasons":[],"status":"passed","title":"should not render actions when not provided"}],"endTime":1755677033688,"message":"","name":"/Users/tomasgregorovic/Downloads/Test-plugin-confluence/tests/frontend/components/PageHeader.test.jsx","startTime":1755677033618,"status":"passed","summary":""},{"assertionResults":[{"ancestorTitles":["_performScan"],"duration":1,"failureDetails":[],"failureMessages":[],"fullName":"_performScan should perform a basic scan, detect a stale and incomplete page, and save it","invocations":1,"location":null,"numPassingAsserts":11,"retryReasons":[],"status":"passed","title":"should perform a basic scan, detect a stale and incomplete page, and save it"},{"ancestorTitles":["_performScan"],"duration":0,"failureDetails":[],"failureMessages":[],"fullName":"_performScan should keep orphaned=false when page has children","invocations":1,"location":null,"numPassingAsserts":3,"retryReasons":[],"status":"passed","title":"should keep orphaned=false when page has children"},{"ancestorTitles":["_performScan"],"duration":7,"failureDetails":[],"failureMessages":[],"fullName":"_performScan should default orphaned=false when hasChildPages fails","invocations":1,"location":null,"numPassingAsserts":2,"retryReasons":[],"status":"passed","title":"should default orphaned=false when hasChildPages fails"},{"ancestorTitles":["_performScan"],"duration":0,"failureDetails":[],"failureMessages":[],"fullName":"_performScan should not call hasChildPages when orphaned rule is disabled","invocations":1,"location":null,"numPassingAsserts":1,"retryReasons":[],"status":"passed","title":"should not call hasChildPages when orphaned rule is disabled"},{"ancestorTitles":["_performScan"],"duration":0,"failureDetails":[],"failureMessages":[],"fullName":"_performScan should resolve spaceKey even when whitelist.spaceKeys is empty","invocations":1,"location":null,"numPassingAsserts":2,"retryReasons":[],"status":"passed","title":"should resolve spaceKey even when whitelist.spaceKeys is empty"},{"ancestorTitles":["_performScan"],"duration":1,"failureDetails":[],"failureMessages":[],"fullName":"_performScan should process page without spaceId (no spaceKey lookup)","invocations":1,"location":null,"numPassingAsserts":2,"retryReasons":[],"status":"passed","title":"should process page without spaceId (no spaceKey lookup)"},{"ancestorTitles":["_performScan"],"duration":0,"failureDetails":[],"failureMessages":[],"fullName":"_performScan should not exclude page when getSpaceKeyById fails","invocations":1,"location":null,"numPassingAsserts":1,"retryReasons":[],"status":"passed","title":"should not exclude page when getSpaceKeyById fails"},{"ancestorTitles":["_performScan"],"duration":0,"failureDetails":[],"failureMessages":[],"fullName":"_performScan should cap impactScore at 100 when all flags are active","invocations":1,"location":null,"numPassingAsserts":2,"retryReasons":[],"status":"passed","title":"should cap impactScore at 100 when all flags are active"},{"ancestorTitles":["_performScan"],"duration":0,"failureDetails":[],"failureMessages":[],"fullName":"_performScan should compute correct impactScore for partial flags","invocations":1,"location":null,"numPassingAsserts":1,"retryReasons":[],"status":"passed","title":"should compute correct impactScore for partial flags"},{"ancestorTitles":["_performScan"],"duration":10,"failureDetails":[],"failureMessages":[],"fullName":"_performScan should handle pagination where a later batch fails (no finalize)","invocations":1,"location":null,"numPassingAsserts":3,"retryReasons":[],"status":"passed","title":"should handle pagination where a later batch fails (no finalize)"},{"ancestorTitles":["_performScan"],"duration":0,"failureDetails":[],"failureMessages":[],"fullName":"_performScan should preserve non-detected status when re-detected (e.g., archived)","invocations":1,"location":null,"numPassingAsserts":2,"retryReasons":[],"status":"passed","title":"should preserve non-detected status when re-detected (e.g., archived)"},{"ancestorTitles":["_performScan"],"duration":1,"failureDetails":[],"failureMessages":[],"fullName":"_performScan should map legacy includeOrphaned=true and detect orphaned","invocations":1,"location":null,"numPassingAsserts":2,"retryReasons":[],"status":"passed","title":"should map legacy includeOrphaned=true and detect orphaned"},{"ancestorTitles":["_performScan"],"duration":0,"failureDetails":[],"failureMessages":[],"fullName":"_performScan should not crash on pages missing title/version (no flags)","invocations":1,"location":null,"numPassingAsserts":2,"retryReasons":[],"status":"passed","title":"should not crash on pages missing title/version (no flags)"},{"ancestorTitles":["_performScan"],"duration":1,"failureDetails":[],"failureMessages":[],"fullName":"_performScan should handle pagination and process multiple batches","invocations":1,"location":null,"numPassingAsserts":9,"retryReasons":[],"status":"passed","title":"should handle pagination and process multiple batches"},{"ancestorTitles":["_performScan"],"duration":0,"failureDetails":[],"failureMessages":[],"fullName":"_performScan should preserve items with non-detected status from previous scans","invocations":1,"location":null,"numPassingAsserts":6,"retryReasons":[],"status":"passed","title":"should preserve items with non-detected status from previous scans"},{"ancestorTitles":["_performScan"],"duration":0,"failureDetails":[],"failureMessages":[],"fullName":"_performScan should not detect a page that does not meet any flag criteria","invocations":1,"location":null,"numPassingAsserts":3,"retryReasons":[],"status":"passed","title":"should not detect a page that does not meet any flag criteria"},{"ancestorTitles":["_performScan"],"duration":0,"failureDetails":[],"failureMessages":[],"fullName":"_performScan should not detect a page that is in a whitelisted space (spaceKeys)","invocations":1,"location":null,"numPassingAsserts":3,"retryReasons":[],"status":"passed","title":"should not detect a page that is in a whitelisted space (spaceKeys)"},{"ancestorTitles":["_performScan"],"duration":0,"failureDetails":[],"failureMessages":[],"fullName":"_performScan should set orphaned flag when page has no children and orphaned rule enabled","invocations":1,"location":null,"numPassingAsserts":3,"retryReasons":[],"status":"passed","title":"should set orphaned flag when page has no children and orphaned rule enabled"},{"ancestorTitles":["_performScan"],"duration":1,"failureDetails":[],"failureMessages":[],"fullName":"_performScan should not detect a page that is on the whitelist","invocations":1,"location":null,"numPassingAsserts":3,"retryReasons":[],"status":"passed","title":"should not detect a page that is on the whitelist"},{"ancestorTitles":["_performScan"],"duration":0,"failureDetails":[],"failureMessages":[],"fullName":"_performScan should remove previously detected items that are no longer flagged","invocations":1,"location":null,"numPassingAsserts":3,"retryReasons":[],"status":"passed","title":"should remove previously detected items that are no longer flagged"},{"ancestorTitles":["_performScan"],"duration":0,"failureDetails":[],"failureMessages":[],"fullName":"_performScan should preserve archived items from previous scans when no longer flagged","invocations":1,"location":null,"numPassingAsserts":3,"retryReasons":[],"status":"passed","title":"should preserve archived items from previous scans when no longer flagged"},{"ancestorTitles":["_performScan"],"duration":1,"failureDetails":[],"failureMessages":[],"fullName":"_performScan should not crash on invalid incomplete pattern and use fallback safely","invocations":1,"location":null,"numPassingAsserts":3,"retryReasons":[],"status":"passed","title":"should not crash on invalid incomplete pattern and use fallback safely"},{"ancestorTitles":["_performScan"],"duration":0,"failureDetails":[],"failureMessages":[],"fullName":"_performScan should handle legacy settings shape (ageDays/inactivityDays/includeIncomplete)","invocations":1,"location":null,"numPassingAsserts":3,"retryReasons":[],"status":"passed","title":"should handle legacy settings shape (ageDays/inactivityDays/includeIncomplete)"},{"ancestorTitles":["_performScan"],"duration":0,"failureDetails":[],"failureMessages":[],"fullName":"_performScan should set last scan timestamp during finalizeScan","invocations":1,"location":null,"numPassingAsserts":2,"retryReasons":[],"status":"passed","title":"should set last scan timestamp during finalizeScan"},{"ancestorTitles":["runRealScan"],"duration":3,"failureDetails":[],"failureMessages":[],"fullName":"runRealScan should return { ok: false, error } when underlying scan throws","invocations":1,"location":null,"numPassingAsserts":4,"retryReasons":[],"status":"passed","title":"should return { ok: false, error } when underlying scan throws"},{"ancestorTitles":["runRealScan"],"duration":0,"failureDetails":[],"failureMessages":[],"fullName":"runRealScan should acquire and release lock when none exists and persist state between batches","invocations":1,"location":null,"numPassingAsserts":8,"retryReasons":[],"status":"passed","title":"should acquire and release lock when none exists and persist state between batches"},{"ancestorTitles":["runRealScan"],"duration":0,"failureDetails":[],"failureMessages":[],"fullName":"runRealScan should not acquire or release lock when an active lock exists","invocations":1,"location":null,"numPassingAsserts":3,"retryReasons":[],"status":"passed","title":"should not acquire or release lock when an active lock exists"},{"ancestorTitles":["runRealScan"],"duration":0,"failureDetails":[],"failureMessages":[],"fullName":"runRealScan should resume from persisted state (cursor) and clear state after success","invocations":1,"location":null,"numPassingAsserts":3,"retryReasons":[],"status":"passed","title":"should resume from persisted state (cursor) and clear state after success"},{"ancestorTitles":["runRealScan"],"duration":0,"failureDetails":[],"failureMessages":[],"fullName":"runRealScan should persist state and not clear it when error occurs mid-scan","invocations":1,"location":null,"numPassingAsserts":3,"retryReasons":[],"status":"passed","title":"should persist state and not clear it when error occurs mid-scan"},{"ancestorTitles":["runRealScan"],"duration":0,"failureDetails":[],"failureMessages":[],"fullName":"runRealScan should acquire lock if existing lock is expired (TTL takeover) and release it on success","invocations":1,"location":null,"numPassingAsserts":3,"retryReasons":[],"status":"passed","title":"should acquire lock if existing lock is expired (TTL takeover) and release it on success"},{"ancestorTitles":["runRealScan"],"duration":0,"failureDetails":[],"failureMessages":[],"fullName":"runRealScan should refresh lock heartbeat between processing batches","invocations":1,"location":null,"numPassingAsserts":4,"retryReasons":[],"status":"passed","title":"should refresh lock heartbeat between processing batches"},{"ancestorTitles":["runRealScan"],"duration":0,"failureDetails":[],"failureMessages":[],"fullName":"runRealScan should clear its own lock when error occurs and it acquired the lock","invocations":1,"location":null,"numPassingAsserts":3,"retryReasons":[],"status":"passed","title":"should clear its own lock when error occurs and it acquired the lock"},{"ancestorTitles":["runRealScan"],"duration":1,"failureDetails":[],"failureMessages":[],"fullName":"runRealScan should reinitialize when saved state is invalid (missing phase)","invocations":1,"location":null,"numPassingAsserts":1,"retryReasons":[],"status":"passed","title":"should reinitialize when saved state is invalid (missing phase)"},{"ancestorTitles":["runRealScan"],"duration":0,"failureDetails":[],"failureMessages":[],"fullName":"runRealScan should prefer saved state settings over newly loaded settings when resuming","invocations":1,"location":null,"numPassingAsserts":1,"retryReasons":[],"status":"passed","title":"should prefer saved state settings over newly loaded settings when resuming"},{"ancestorTitles":["runRealScan"],"duration":1,"failureDetails":[],"failureMessages":[],"fullName":"runRealScan should ignore errors from clearScanState after success","invocations":1,"location":null,"numPassingAsserts":1,"retryReasons":[],"status":"passed","title":"should ignore errors from clearScanState after success"},{"ancestorTitles":["runSimulatedScan"],"duration":0,"failureDetails":[],"failureMessages":[],"fullName":"runSimulatedScan should return count from detected index and last scan","invocations":1,"location":null,"numPassingAsserts":1,"retryReasons":[],"status":"passed","title":"should return count from detected index and last scan"}],"endTime":1755677033776,"message":"","name":"/Users/tomasgregorovic/Downloads/Test-plugin-confluence/tests/scan.test.js","startTime":1755677033692,"status":"passed","summary":""},{"assertionResults":[{"ancestorTitles":["ImpactCard"],"duration":3,"failureDetails":[],"failureMessages":[],"fullName":"ImpactCard should render basic page info and a loading spinner initially","invocations":1,"location":null,"numPassingAsserts":5,"retryReasons":[],"status":"passed","title":"should render basic page info and a loading spinner initially"},{"ancestorTitles":["ImpactCard"],"duration":9,"failureDetails":[],"failureMessages":[],"fullName":"ImpactCard should fetch and display metrics on successful load","invocations":1,"location":null,"numPassingAsserts":9,"retryReasons":[],"status":"passed","title":"should fetch and display metrics on successful load"},{"ancestorTitles":["ImpactCard"],"duration":6,"failureDetails":[],"failureMessages":[],"fullName":"ImpactCard should display an error message if the metrics fetch fails","invocations":1,"location":null,"numPassingAsserts":2,"retryReasons":[],"status":"passed","title":"should display an error message if the metrics fetch fails"}],"endTime":1755677033876,"message":"","name":"/Users/tomasgregorovic/Downloads/Test-plugin-confluence/tests/frontend/components/ImpactCard.test.jsx","startTime":1755677033793,"status":"passed","summary":""},{"assertionResults":[{"ancestorTitles":["ColumnsToggle"],"duration":14,"failureDetails":[],"failureMessages":[],"fullName":"ColumnsToggle opens popover and triggers Select all / Clear all","invocations":1,"location":null,"numPassingAsserts":5,"retryReasons":[],"status":"passed","title":"opens popover and triggers Select all / Clear all"}],"endTime":1755677033971,"message":"","name":"/Users/tomasgregorovic/Downloads/Test-plugin-confluence/tests/frontend/components/ColumnsToggle.test.jsx","startTime":1755677033883,"status":"passed","summary":""},{"assertionResults":[{"ancestorTitles":["DetectedTable owner loading placeholder"],"duration":3,"failureDetails":[],"failureMessages":[],"fullName":"DetectedTable owner loading placeholder shows Loading... when owner not yet loaded and in ownerLoadingIds","invocations":1,"location":null,"numPassingAsserts":1,"retryReasons":[],"status":"passed","title":"shows Loading... when owner not yet loaded and in ownerLoadingIds"}],"endTime":1755677034041,"message":"","name":"/Users/tomasgregorovic/Downloads/Test-plugin-confluence/tests/frontend/components/DetectedTable.ownerLoading.test.jsx","startTime":1755677033977,"status":"passed","summary":""},{"assertionResults":[{"ancestorTitles":["useDashboard Hook"],"duration":3,"failureDetails":[],"failureMessages":[],"fullName":"useDashboard Hook should fetch dashboard data on initial render","invocations":1,"location":null,"numPassingAsserts":5,"retryReasons":[],"status":"passed","title":"should fetch dashboard data on initial render"},{"ancestorTitles":["useDashboard Hook"],"duration":2,"failureDetails":[],"failureMessages":[],"fullName":"useDashboard Hook should handle error when fetching dashboard data","invocations":1,"location":null,"numPassingAsserts":3,"retryReasons":[],"status":"passed","title":"should handle error when fetching dashboard data"},{"ancestorTitles":["useDashboard Hook"],"duration":1,"failureDetails":[],"failureMessages":[],"fullName":"useDashboard Hook should handle startScan successfully","invocations":1,"location":null,"numPassingAsserts":2,"retryReasons":[],"status":"passed","title":"should handle startScan successfully"},{"ancestorTitles":["useDashboard Hook"],"duration":3,"failureDetails":[],"failureMessages":[],"fullName":"useDashboard Hook should handle startScan failure","invocations":1,"location":null,"numPassingAsserts":2,"retryReasons":[],"status":"passed","title":"should handle startScan failure"}],"endTime":1755677034109,"message":"","name":"/Users/tomasgregorovic/Downloads/Test-plugin-confluence/tests/frontend/hooks/useDashboard.test.js","startTime":1755677034046,"status":"passed","summary":""},{"assertionResults":[{"ancestorTitles":["Integration: resolver + scan"],"duration":5,"failureDetails":[],"failureMessages":[],"fullName":"Integration: resolver + scan startScan(real) performs multi-batch scan with heartbeat, clears state and releases lock","invocations":1,"location":null,"numPassingAsserts":11,"retryReasons":[],"status":"passed","title":"startScan(real) performs multi-batch scan with heartbeat, clears state and releases lock"},{"ancestorTitles":["Integration: resolver + scan"],"duration":7,"failureDetails":[],"failureMessages":[],"fullName":"Integration: resolver + scan resumes after mid-scan failure using persisted state and then clears it on success","invocations":1,"location":null,"numPassingAsserts":4,"retryReasons":[],"status":"passed","title":"resumes after mid-scan failure using persisted state and then clears it on success"},{"ancestorTitles":["Integration: resolver + scan"],"duration":1,"failureDetails":[],"failureMessages":[],"fullName":"Integration: resolver + scan scheduledScan uses scheduled lock mode, refreshes heartbeat, and writes audit log","invocations":1,"location":null,"numPassingAsserts":6,"retryReasons":[],"status":"passed","title":"scheduledScan uses scheduled lock mode, refreshes heartbeat, and writes audit log"}],"endTime":1755677034166,"message":"","name":"/Users/tomasgregorovic/Downloads/Test-plugin-confluence/tests/integration/scan.integration.test.js","startTime":1755677034112,"status":"passed","summary":""},{"assertionResults":[{"ancestorTitles":["Integration: resetDetected resolver"],"duration":2,"failureDetails":[],"failureMessages":[],"fullName":"Integration: resetDetected resolver requires confirmation","invocations":1,"location":null,"numPassingAsserts":4,"retryReasons":[],"status":"passed","title":"requires confirmation"},{"ancestorTitles":["Integration: resetDetected resolver"],"duration":0,"failureDetails":[],"failureMessages":[],"fullName":"Integration: resetDetected resolver clears detected index and items and returns removed count, writes audit","invocations":1,"location":null,"numPassingAsserts":6,"retryReasons":[],"status":"passed","title":"clears detected index and items and returns removed count, writes audit"},{"ancestorTitles":["Integration: resetDetected resolver"],"duration":1,"failureDetails":[],"failureMessages":[],"fullName":"Integration: resetDetected resolver is blocked when scan lock is fresh","invocations":1,"location":null,"numPassingAsserts":2,"retryReasons":[],"status":"passed","title":"is blocked when scan lock is fresh"},{"ancestorTitles":["Integration: resetDetected resolver"],"duration":0,"failureDetails":[],"failureMessages":[],"fullName":"Integration: resetDetected resolver proceeds if scan lock is stale (older than 10 minutes)","invocations":1,"location":null,"numPassingAsserts":3,"retryReasons":[],"status":"passed","title":"proceeds if scan lock is stale (older than 10 minutes)"}],"endTime":1755677034214,"message":"","name":"/Users/tomasgregorovic/Downloads/Test-plugin-confluence/tests/integration/reset.detected.integration.test.js","startTime":1755677034172,"status":"passed","summary":""},{"assertionResults":[{"ancestorTitles":["Integration: basic usage flow"],"duration":7,"failureDetails":[],"failureMessages":[],"fullName":"Integration: basic usage flow runs the full basic flow successfully","invocations":1,"location":null,"numPassingAsserts":27,"retryReasons":[],"status":"passed","title":"runs the full basic flow successfully"}],"endTime":1755677034264,"message":"","name":"/Users/tomasgregorovic/Downloads/Test-plugin-confluence/tests/integration/basic.usage.integration.test.js","startTime":1755677034217,"status":"passed","summary":""},{"assertionResults":[{"ancestorTitles":["Storage Module","getIndex"],"duration":0,"failureDetails":[],"failureMessages":[],"fullName":"Storage Module getIndex should return empty array when key does not exist","invocations":1,"location":null,"numPassingAsserts":2,"retryReasons":[],"status":"passed","title":"should return empty array when key does not exist"},{"ancestorTitles":["Storage Module","getIndex"],"duration":0,"failureDetails":[],"failureMessages":[],"fullName":"Storage Module getIndex should return stored array when key exists","invocations":1,"location":null,"numPassingAsserts":2,"retryReasons":[],"status":"passed","title":"should return stored array when key exists"},{"ancestorTitles":["Storage Module","setIndex"],"duration":1,"failureDetails":[],"failureMessages":[],"fullName":"Storage Module setIndex should store array with given key","invocations":1,"location":null,"numPassingAsserts":1,"retryReasons":[],"status":"passed","title":"should store array with given key"},{"ancestorTitles":["Storage Module","setIndex"],"duration":0,"failureDetails":[],"failureMessages":[],"fullName":"Storage Module setIndex should store empty array when ids is null","invocations":1,"location":null,"numPassingAsserts":1,"retryReasons":[],"status":"passed","title":"should store empty array when ids is null"},{"ancestorTitles":["Storage Module","getSettingsFromStore"],"duration":0,"failureDetails":[],"failureMessages":[],"fullName":"Storage Module getSettingsFromStore should return empty object when no settings exist","invocations":1,"location":null,"numPassingAsserts":2,"retryReasons":[],"status":"passed","title":"should return empty object when no settings exist"},{"ancestorTitles":["Storage Module","getSettingsFromStore"],"duration":0,"failureDetails":[],"failureMessages":[],"fullName":"Storage Module getSettingsFromStore should return stored settings","invocations":1,"location":null,"numPassingAsserts":1,"retryReasons":[],"status":"passed","title":"should return stored settings"},{"ancestorTitles":["Storage Module","getMany"],"duration":1,"failureDetails":[],"failureMessages":[],"fullName":"Storage Module getMany should fetch multiple keys in chunks","invocations":1,"location":null,"numPassingAsserts":4,"retryReasons":[],"status":"passed","title":"should fetch multiple keys in chunks"},{"ancestorTitles":["Storage Module","getMany"],"duration":0,"failureDetails":[],"failureMessages":[],"fullName":"Storage Module getMany should handle null values correctly","invocations":1,"location":null,"numPassingAsserts":2,"retryReasons":[],"status":"passed","title":"should handle null values correctly"},{"ancestorTitles":["Storage Module","getMany"],"duration":0,"failureDetails":[],"failureMessages":[],"fullName":"Storage Module getMany should process keys in chunks of 100","invocations":1,"location":null,"numPassingAsserts":1,"retryReasons":[],"status":"passed","title":"should process keys in chunks of 100"},{"ancestorTitles":["Storage Module","putDetectedItem"],"duration":0,"failureDetails":[],"failureMessages":[],"fullName":"Storage Module putDetectedItem should store detected item with correct key","invocations":1,"location":null,"numPassingAsserts":1,"retryReasons":[],"status":"passed","title":"should store detected item with correct key"},{"ancestorTitles":["Storage Module","addAuditLogEntry"],"duration":1,"failureDetails":[],"failureMessages":[],"fullName":"Storage Module addAuditLogEntry should add audit entry and update index","invocations":1,"location":null,"numPassingAsserts":3,"retryReasons":[],"status":"passed","title":"should add audit entry and update index"},{"ancestorTitles":["Storage Module","getAuditLog"],"duration":0,"failureDetails":[],"failureMessages":[],"fullName":"Storage Module getAuditLog should return paginated audit log entries","invocations":1,"location":null,"numPassingAsserts":5,"retryReasons":[],"status":"passed","title":"should return paginated audit log entries"},{"ancestorTitles":["Storage Module","getAuditLog"],"duration":0,"failureDetails":[],"failureMessages":[],"fullName":"Storage Module getAuditLog should handle empty audit log","invocations":1,"location":null,"numPassingAsserts":3,"retryReasons":[],"status":"passed","title":"should handle empty audit log"},{"ancestorTitles":["Storage Module","getDetectedPages"],"duration":0,"failureDetails":[],"failureMessages":[],"fullName":"Storage Module getDetectedPages applies status, flags, minImpact, search and default impact desc sorting","invocations":1,"location":null,"numPassingAsserts":3,"retryReasons":[],"status":"passed","title":"applies status, flags, minImpact, search and default impact desc sorting"},{"ancestorTitles":["Storage Module","getDetectedPages"],"duration":0,"failureDetails":[],"failureMessages":[],"fullName":"Storage Module getDetectedPages sorts by updated with createdAt fallback and paginates asc","invocations":1,"location":null,"numPassingAsserts":2,"retryReasons":[],"status":"passed","title":"sorts by updated with createdAt fallback and paginates asc"}],"endTime":1755677034312,"message":"","name":"/Users/tomasgregorovic/Downloads/Test-plugin-confluence/tests/storage.test.js","startTime":1755677034267,"status":"passed","summary":""},{"assertionResults":[{"ancestorTitles":["Date Utils","daysBetween"],"duration":0,"failureDetails":[],"failureMessages":[],"fullName":"Date Utils daysBetween should return 0 for the same day","invocations":1,"location":null,"numPassingAsserts":1,"retryReasons":[],"status":"passed","title":"should return 0 for the same day"},{"ancestorTitles":["Date Utils","daysBetween"],"duration":0,"failureDetails":[],"failureMessages":[],"fullName":"Date Utils daysBetween should return 1 for consecutive days","invocations":1,"location":null,"numPassingAsserts":1,"retryReasons":[],"status":"passed","title":"should return 1 for consecutive days"},{"ancestorTitles":["Date Utils","daysBetween"],"duration":0,"failureDetails":[],"failureMessages":[],"fullName":"Date Utils daysBetween should return the correct number of days for a longer period","invocations":1,"location":null,"numPassingAsserts":1,"retryReasons":[],"status":"passed","title":"should return the correct number of days for a longer period"},{"ancestorTitles":["Date Utils","daysBetween"],"duration":0,"failureDetails":[],"failureMessages":[],"fullName":"Date Utils daysBetween should handle leap years","invocations":1,"location":null,"numPassingAsserts":1,"retryReasons":[],"status":"passed","title":"should handle leap years"},{"ancestorTitles":["Date Utils","daysBetween"],"duration":1,"failureDetails":[],"failureMessages":[],"fullName":"Date Utils daysBetween should work regardless of the order of dates","invocations":1,"location":null,"numPassingAsserts":1,"retryReasons":[],"status":"passed","title":"should work regardless of the order of dates"},{"ancestorTitles":["Date Utils","isoWeekLabel"],"duration":0,"failureDetails":[],"failureMessages":[],"fullName":"Date Utils isoWeekLabel should return the correct week for a date at the beginning of the year","invocations":1,"location":null,"numPassingAsserts":1,"retryReasons":[],"status":"passed","title":"should return the correct week for a date at the beginning of the year"},{"ancestorTitles":["Date Utils","isoWeekLabel"],"duration":0,"failureDetails":[],"failureMessages":[],"fullName":"Date Utils isoWeekLabel should return the correct week for a date in the middle of the year","invocations":1,"location":null,"numPassingAsserts":1,"retryReasons":[],"status":"passed","title":"should return the correct week for a date in the middle of the year"},{"ancestorTitles":["Date Utils","isoWeekLabel"],"duration":0,"failureDetails":[],"failureMessages":[],"fullName":"Date Utils isoWeekLabel should return the correct week for a date at the end of the year","invocations":1,"location":null,"numPassingAsserts":1,"retryReasons":[],"status":"passed","title":"should return the correct week for a date at the end of the year"},{"ancestorTitles":["Date Utils","isoWeekLabel"],"duration":0,"failureDetails":[],"failureMessages":[],"fullName":"Date Utils isoWeekLabel should handle the first week of a new year correctly","invocations":1,"location":null,"numPassingAsserts":1,"retryReasons":[],"status":"passed","title":"should handle the first week of a new year correctly"},{"ancestorTitles":["Date Utils","isoWeekLabel"],"duration":0,"failureDetails":[],"failureMessages":[],"fullName":"Date Utils isoWeekLabel should handle a leap year date correctly","invocations":1,"location":null,"numPassingAsserts":1,"retryReasons":[],"status":"passed","title":"should handle a leap year date correctly"}],"endTime":1755677034354,"message":"","name":"/Users/tomasgregorovic/Downloads/Test-plugin-confluence/tests/date.test.js","startTime":1755677034314,"status":"passed","summary":""},{"assertionResults":[{"ancestorTitles":["friendlyError Utility"],"duration":0,"failureDetails":[],"failureMessages":[],"fullName":"friendlyError Utility should return the error message if it is a string","invocations":1,"location":null,"numPassingAsserts":1,"retryReasons":[],"status":"passed","title":"should return the error message if it is a string"},{"ancestorTitles":["friendlyError Utility"],"duration":0,"failureDetails":[],"failureMessages":[],"fullName":"friendlyError Utility should return the message property if error is an object","invocations":1,"location":null,"numPassingAsserts":1,"retryReasons":[],"status":"passed","title":"should return the message property if error is an object"},{"ancestorTitles":["friendlyError Utility"],"duration":0,"failureDetails":[],"failureMessages":[],"fullName":"friendlyError Utility should stringify the error if it is an object without a message property","invocations":1,"location":null,"numPassingAsserts":1,"retryReasons":[],"status":"passed","title":"should stringify the error if it is an object without a message property"},{"ancestorTitles":["friendlyError Utility"],"duration":0,"failureDetails":[],"failureMessages":[],"fullName":"friendlyError Utility should handle null and undefined inputs gracefully","invocations":1,"location":null,"numPassingAsserts":2,"retryReasons":[],"status":"passed","title":"should handle null and undefined inputs gracefully"},{"ancestorTitles":["friendlyError Utility"],"duration":0,"failureDetails":[],"failureMessages":[],"fullName":"friendlyError Utility should handle non-string, non-object inputs","invocations":1,"location":null,"numPassingAsserts":1,"retryReasons":[],"status":"passed","title":"should handle non-string, non-object inputs"}],"endTime":1755677034407,"message":"","name":"/Users/tomasgregorovic/Downloads/Test-plugin-confluence/tests/frontend/utils/friendlyError.test.js","startTime":1755677034363,"status":"passed","summary":""}],"wasInterrupted":false}
