TN:
SF:src/backend/storage.js
FN:11,getIndex
FN:15,setIndex
FN:19,getSettingsFromStore
FN:24,getMany
FN:29,(anonymous_4)
FN:37,putDetectedItem
FN:41,setLastScan
FN:45,addAuditLogEntry
FN:62,getAuditLog
FN:73,(anonymous_9)
FNF:10
FNH:9
FNDA:5,getIndex
FNDA:3,setIndex
FNDA:2,getSettingsFromStore
FNDA:4,getMany
FNDA:404,(anonymous_4)
FNDA:1,putDetectedItem
FNDA:0,setLastScan
FNDA:1,addAuditLogEntry
FNDA:2,getAuditLog
FNDA:2,(anonymous_9)
DA:4,1
DA:12,5
DA:16,3
DA:20,2
DA:25,4
DA:26,4
DA:27,4
DA:28,7
DA:29,404
DA:30,7
DA:31,404
DA:34,4
DA:38,1
DA:42,0
DA:46,1
DA:47,1
DA:53,1
DA:55,1
DA:56,1
DA:57,1
DA:59,1
DA:63,2
DA:64,2
DA:66,2
DA:67,2
DA:69,2
DA:70,1
DA:73,2
DA:74,1
DA:75,1
DA:77,1
LF:31
LH:30
BRDA:12,0,0,5
BRDA:12,0,1,1
BRDA:16,1,0,3
BRDA:16,1,1,1
BRDA:20,2,0,2
BRDA:20,2,1,1
BRDA:31,3,0,404
BRDA:31,3,1,1
BRDA:62,4,0,1
BRDA:62,5,0,1
BRDA:62,6,0,1
BRDA:69,7,0,1
BRDA:69,7,1,1
BRF:13
BRH:13
end_of_record
TN:
SF:src/backend/utils/date.js
FN:1,daysBetween
FN:10,isoWeekLabel
FNF:2
FNH:2
FNDA:5,daysBetween
FNDA:5,isoWeekLabel
DA:2,5
DA:3,5
DA:4,5
DA:5,5
DA:6,5
DA:7,5
DA:11,5
DA:13,5
DA:14,5
DA:15,5
DA:17,5
DA:18,5
LF:12
LH:12
BRDA:13,0,0,5
BRDA:13,0,1,2
BRF:2
BRH:2
end_of_record
TN:
SF:src/frontend/components/common/PageHeader.jsx
FN:4,PageHeader
FNF:1
FNH:1
FNDA:3,PageHeader
DA:5,3
LF:1
LH:1
BRF:0
BRH:0
end_of_record
TN:
SF:src/frontend/hooks/useDashboard.js
FN:5,(anonymous_0)
FN:10,(anonymous_1)
FN:30,(anonymous_2)
FN:34,(anonymous_3)
FN:59,(anonymous_4)
FNF:5
FNH:4
FNDA:12,(anonymous_0)
FNDA:5,(anonymous_1)
FNDA:4,(anonymous_2)
FNDA:2,(anonymous_3)
FNDA:0,(anonymous_4)
DA:5,1
DA:6,12
DA:7,12
DA:8,12
DA:10,12
DA:11,5
DA:12,5
DA:13,5
DA:14,5
DA:15,3
DA:16,3
DA:18,2
DA:19,2
DA:22,0
DA:23,0
DA:24,0
DA:26,5
DA:30,12
DA:31,4
DA:34,12
DA:35,2
DA:36,2
DA:37,2
DA:38,2
DA:39,2
DA:40,1
DA:41,1
DA:42,1
DA:44,1
DA:45,1
DA:53,0
DA:55,2
DA:59,12
DA:60,0
DA:61,0
DA:62,0
DA:63,0
DA:64,0
DA:65,0
DA:67,0
DA:70,0
DA:72,0
DA:76,12
LF:43
LH:30
BRDA:14,0,0,3
BRDA:14,0,1,2
BRDA:19,1,0,2
BRDA:19,1,1,0
BRDA:39,2,0,1
BRDA:39,2,1,1
BRDA:47,3,0,0
BRDA:47,3,1,1
BRDA:47,4,0,1
BRDA:47,4,1,1
BRDA:64,5,0,0
BRDA:64,5,1,0
BRF:12
BRH:8
end_of_record
TN:
SF:src/frontend/hooks/useDetectedPages.js
FN:7,(anonymous_0)
FN:28,(anonymous_1)
FN:59,(anonymous_2)
FN:63,(anonymous_3)
FN:64,(anonymous_4)
FN:68,(anonymous_5)
FN:69,(anonymous_6)
FN:77,(anonymous_7)
FN:90,(anonymous_8)
FN:109,(anonymous_9)
FN:132,(anonymous_10)
FN:141,(anonymous_11)
FNF:12
FNH:12
FNDA:44,(anonymous_0)
FNDA:11,(anonymous_1)
FNDA:10,(anonymous_2)
FNDA:4,(anonymous_3)
FNDA:4,(anonymous_4)
FNDA:8,(anonymous_5)
FNDA:8,(anonymous_6)
FNDA:1,(anonymous_7)
FNDA:1,(anonymous_8)
FNDA:1,(anonymous_9)
FNDA:2,(anonymous_10)
FNDA:1,(anonymous_11)
DA:7,1
DA:8,44
DA:9,44
DA:10,44
DA:11,44
DA:12,44
DA:13,44
DA:14,44
DA:15,44
DA:16,44
DA:17,44
DA:18,44
DA:19,44
DA:20,44
DA:21,44
DA:22,44
DA:23,44
DA:24,44
DA:26,44
DA:28,44
DA:29,11
DA:30,11
DA:31,11
DA:32,11
DA:42,11
DA:43,10
DA:44,10
DA:46,1
DA:47,1
DA:48,1
DA:51,0
DA:52,0
DA:53,0
DA:55,11
DA:59,44
DA:60,10
DA:63,44
DA:64,4
DA:65,2
DA:68,44
DA:69,8
DA:70,8
DA:71,8
DA:72,2
DA:73,8
DA:77,44
DA:78,1
DA:79,1
DA:80,1
DA:84,1
DA:86,0
DA:90,44
DA:91,1
DA:92,1
DA:97,1
DA:98,1
DA:99,1
DA:100,1
DA:102,0
DA:105,0
DA:109,44
DA:110,1
DA:111,1
DA:112,1
DA:113,1
DA:121,1
DA:122,1
DA:123,1
DA:124,0
DA:126,0
DA:128,1
DA:132,44
DA:133,2
DA:134,2
DA:135,1
DA:137,1
DA:141,44
DA:142,1
DA:143,1
DA:146,44
LF:80
LH:72
BRDA:34,0,0,11
BRDA:34,0,1,11
BRDA:39,1,0,0
BRDA:39,1,1,11
BRDA:42,2,0,10
BRDA:42,2,1,1
BRDA:43,3,0,10
BRDA:43,3,1,3
BRDA:44,4,0,10
BRDA:44,4,1,4
BRDA:48,5,0,1
BRDA:48,5,1,0
BRDA:64,6,0,2
BRDA:64,6,1,2
BRDA:71,7,0,6
BRDA:71,7,1,2
BRDA:95,8,0,1
BRDA:95,8,1,0
BRDA:97,9,0,1
BRDA:97,9,1,0
BRDA:102,10,0,0
BRDA:102,10,1,0
BRDA:109,11,0,1
BRDA:115,12,0,1
BRDA:115,12,1,1
BRDA:121,13,0,0
BRDA:121,13,1,1
BRDA:123,14,0,1
BRDA:123,14,1,0
BRDA:124,15,0,0
BRDA:124,15,1,0
BRDA:133,16,0,0
BRDA:133,16,1,2
BRDA:134,17,0,1
BRDA:134,17,1,1
BRF:35
BRH:24
end_of_record
TN:
SF:src/frontend/utils/friendlyError.js
FN:1,friendlyError
FNF:1
FNH:1
FNDA:10,friendlyError
DA:2,10
DA:4,10
DA:5,0
DA:8,10
LF:4
LH:3
BRDA:2,0,0,5
BRDA:2,0,1,5
BRDA:2,1,0,5
BRDA:2,1,1,4
BRDA:2,2,0,4
BRDA:2,2,1,2
BRDA:4,3,0,0
BRDA:4,3,1,10
BRDA:4,4,0,10
BRDA:4,4,1,10
BRF:10
BRH:9
end_of_record
TN:
SF:tests/mocks/forge-bridge.js
FNF:0
FNH:0
DA:3,2
DA:5,2
LF:2
LH:2
BRF:0
BRH:0
end_of_record
TN:
SF:tests/mocks/forge-react.js
FN:6,(anonymous_0)
FN:7,(anonymous_1)
FNF:2
FNH:2
FNDA:3,(anonymous_0)
FNDA:3,(anonymous_1)
DA:6,3
DA:7,3
LF:2
LH:2
BRF:0
BRH:0
end_of_record
